<?xml version="1.0" encoding="UTF-8"?>
<!-- Generated by org.testng.reporters.JUnitReportReporter -->
<testsuite hostname="DESKTOP-5IGQH2V" failures="0" tests="4" name="webdriver.Topic_01_CheckEnvironment" time="0.175" errors="0" timestamp="26 Oct 2024 07:51:28 GMT" skipped="0">
  <testcase classname="webdriver.Topic_01_CheckEnvironment" name="TC_04_Form" time="0.043"/>
  <testcase classname="webdriver.Topic_01_CheckEnvironment" name="TC_03_Form" time="0.058"/>
  <testcase classname="webdriver.Topic_01_CheckEnvironment" name="TC_02_Logo" time="0.064"/>
  <testcase classname="webdriver.Topic_01_CheckEnvironment" name="TC_01_Url" time="0.010"/>
</testsuite> <!-- webdriver.Topic_01_CheckEnvironment -->
