<?xml version="1.0" encoding="UTF-8"?>
<!-- Generated by org.testng.reporters.JUnitReportReporter -->
<testsuite hostname="DESKTOP-5IGQH2V" failures="0" tests="3" name="webdriver.Topic_01_CheckEnvironment" time="0.123" errors="0" timestamp="21 May 2024 12:23:17 GMT" skipped="0">
  <testcase classname="webdriver.Topic_01_CheckEnvironment" name="TC_01_Url" time="0.011"/>
  <testcase classname="webdriver.Topic_01_CheckEnvironment" name="TC_02_Logo" time="0.058"/>
  <testcase classname="webdriver.Topic_01_CheckEnvironment" name="TC_03_Form" time="0.054"/>
</testsuite> <!-- webdriver.Topic_01_CheckEnvironment -->
